Using pre-set license
Built from '2020.3/staging' branch; Version is '2020.3.29f1 (2ff179115da0) revision 3142009'; Using compiler version '192528614'; Build Type 'Release'
OS: 'Windows 10  (10.0.19044) 64bit Professional' Language: 'en' Physical Memory: 32582 MB
BatchMode: 1, IsHumanControllingUs: 0, StartBugReporterOnCrash: 0, Is64bit: 1, IsPro: 0

COMMAND LINE ARGUMENTS:
C:\Program Files\UnityEditors\2020.3.29f1\Editor\Unity.exe
-adb2
-batchMode
-noUpm
-name
AssetImportWorker0
-projectPath
C:/Users/cptri/Documents/GitHub/Spooky2DJamProject/Spooky 2D Jam Project
-logFile
Logs/AssetImportWorker0.log
-srvPort
63903
Successfully changed project path to: C:/Users/cptri/Documents/GitHub/Spooky2DJamProject/Spooky 2D Jam Project
C:/Users/cptri/Documents/GitHub/Spooky2DJamProject/Spooky 2D Jam Project
Using Asset Import Pipeline V2.
Refreshing native plugins compatible for Editor in 57.99 ms, found 3 plugins.
Preloading 0 native plugins for Editor in 0.00 ms.
Initialize engine version: 2020.3.29f1 (2ff179115da0)
[Subsystems] Discovering subsystems at path C:/Program Files/UnityEditors/2020.3.29f1/Editor/Data/Resources/UnitySubsystems
[Subsystems] Discovering subsystems at path C:/Users/cptri/Documents/GitHub/Spooky2DJamProject/Spooky 2D Jam Project/Assets
GfxDevice: creating device client; threaded=0
Direct3D:
    Version:  Direct3D 11.0 [level 11.1]
    Renderer: NVIDIA GeForce RTX 2070 Super (ID=0x1e91)
    Vendor:   
    VRAM:     8012 MB
    Driver:   31.0.15.1694
Initialize mono
Mono path[0] = 'C:/Program Files/UnityEditors/2020.3.29f1/Editor/Data/Managed'
Mono path[1] = 'C:/Program Files/UnityEditors/2020.3.29f1/Editor/Data/MonoBleedingEdge/lib/mono/unityjit'
Mono config path = 'C:/Program Files/UnityEditors/2020.3.29f1/Editor/Data/MonoBleedingEdge/etc'
Using monoOptions --debugger-agent=transport=dt_socket,embedding=1,server=y,suspend=n,address=127.0.0.1:56168
Begin MonoManager ReloadAssembly
Registering precompiled unity dll's ...
Register platform support module: C:/Program Files/UnityEditors/2020.3.29f1/Editor/Data/PlaybackEngines/WebGLSupport/UnityEditor.WebGL.Extensions.dll
Register platform support module: C:/Program Files/UnityEditors/2020.3.29f1/Editor/Data/PlaybackEngines/WindowsStandaloneSupport/UnityEditor.WindowsStandalone.Extensions.dll
Registered in 0.002089 seconds.
Native extension for WindowsStandalone target not found
Native extension for WebGL target not found
Refreshing native plugins compatible for Editor in 58.51 ms, found 3 plugins.
Preloading 0 native plugins for Editor in 0.00 ms.
Mono: successfully reloaded assembly
- Completed reload, in  0.565 seconds
Domain Reload Profiling:
	ReloadAssembly (565ms)
		BeginReloadAssembly (57ms)
			ExecutionOrderSort (0ms)
			DisableScriptedObjects (0ms)
			BackupInstance (0ms)
			ReleaseScriptingObjects (0ms)
			CreateAndSetChildDomain (1ms)
		EndReloadAssembly (445ms)
			LoadAssemblies (55ms)
			RebuildTransferFunctionScriptingTraits (0ms)
			SetupTypeCache (143ms)
			ReleaseScriptCaches (0ms)
			RebuildScriptCaches (29ms)
			SetupLoadedEditorAssemblies (168ms)
				LogAssemblyErrors (0ms)
				InitializePlatformSupportModulesInManaged (5ms)
				SetLoadedEditorAssemblies (0ms)
				RefreshPlugins (59ms)
				BeforeProcessingInitializeOnLoad (7ms)
				ProcessInitializeOnLoadAttributes (71ms)
				ProcessInitializeOnLoadMethodAttributes (25ms)
				AfterProcessingInitializeOnLoad (0ms)
				EditorAssembliesLoaded (0ms)
			ExecutionOrderSort2 (0ms)
			AwakeInstancesAfterBackupRestoration (0ms)
Platform modules already initialized, skipping
Registering precompiled user dll's ...
Registered in 0.003298 seconds.
Begin MonoManager ReloadAssembly
Native extension for WindowsStandalone target not found
Native extension for WebGL target not found
Refreshing native plugins compatible for Editor in 57.73 ms, found 3 plugins.
Preloading 0 native plugins for Editor in 0.00 ms.
Mono: successfully reloaded assembly
- Completed reload, in  1.062 seconds
Domain Reload Profiling:
	ReloadAssembly (1063ms)
		BeginReloadAssembly (151ms)
			ExecutionOrderSort (0ms)
			DisableScriptedObjects (5ms)
			BackupInstance (0ms)
			ReleaseScriptingObjects (0ms)
			CreateAndSetChildDomain (18ms)
		EndReloadAssembly (857ms)
			LoadAssemblies (96ms)
			RebuildTransferFunctionScriptingTraits (0ms)
			SetupTypeCache (280ms)
			ReleaseScriptCaches (1ms)
			RebuildScriptCaches (49ms)
			SetupLoadedEditorAssemblies (335ms)
				LogAssemblyErrors (0ms)
				InitializePlatformSupportModulesInManaged (4ms)
				SetLoadedEditorAssemblies (1ms)
				RefreshPlugins (58ms)
				BeforeProcessingInitializeOnLoad (81ms)
				ProcessInitializeOnLoadAttributes (171ms)
				ProcessInitializeOnLoadMethodAttributes (15ms)
				AfterProcessingInitializeOnLoad (6ms)
				EditorAssembliesLoaded (0ms)
			ExecutionOrderSort2 (0ms)
			AwakeInstancesAfterBackupRestoration (6ms)
Platform modules already initialized, skipping
========================================================================
Worker process is ready to serve import requests
Launched and connected shader compiler UnityShaderCompiler.exe after 0.05 seconds
Refreshing native plugins compatible for Editor in 0.60 ms, found 3 plugins.
Preloading 0 native plugins for Editor in 0.00 ms.
Unloading 3305 Unused Serialized files (Serialized files now loaded: 0)
System memory in use before: 139.7 MB.
System memory in use after: 139.8 MB.

Unloading 32 unused Assets to reduce memory usage. Loaded Objects now: 3736.
Total: 3.082500 ms (FindLiveObjects: 0.227200 ms CreateObjectMapping: 0.174500 ms MarkObjects: 2.541100 ms  DeleteObjects: 0.138900 ms)

AssetImportParameters requested are different than current active one (requested -> active):
  custom:framework-win-MediaFoundation: 216162199b28c13a410421893ffa2e32 -> 
  custom:video-decoder-ogg-theora: a1e56fd34408186e4bbccfd4996cb3dc -> 
  custom:container-muxer-webm: aa71ff27fc2769a1b78a27578f13a17b -> 
  custom:container-demuxer-webm: 4f35f7cbe854078d1ac9338744f61a02 -> 
  custom:container-demuxer-ogg: 62fdf1f143b41e24485cea50d1cbac27 -> 
  custom:video-encoder-webm-vp8: eb34c28f22e8b96e1ab97ce403110664 -> 
  custom:video-decoder-webm-vp8: 9c59270c3fd7afecdb556c50c9e8de78 -> 
  custom:audio-decoder-ogg-vorbis: bf7c407c2cedff20999df2af8eb42d56 -> 
  custom:audio-encoder-webm-vorbis: bf7c407c2cedff20999df2af8eb42d56 -> 
========================================================================
Received Import Request.
  path: Assets/Sounds/SFX/PlayerSounds/player getting hurt.wav
  artifactKey: Guid(58c33b72f1f153e47872ed5264ebdc83) Importer(815301076,1909f56bfc062723c751e8b465ee728b)
Start importing Assets/Sounds/SFX/PlayerSounds/player getting hurt.wav using Guid(58c33b72f1f153e47872ed5264ebdc83) Importer(815301076,1909f56bfc062723c751e8b465ee728b)  -> (artifact id: '77b2746d95ee6aa00e9efb9383f19553') in 0.084219 seconds 
  Import took 0.088903 seconds .

========================================================================
Received Import Request.
  Time since last request: 0.000326 seconds.
  path: Assets/Sounds/SFX/PlayerSounds/NEWITEM2.wav
  artifactKey: Guid(46051398709aecd43b6c58ba8849182c) Importer(815301076,1909f56bfc062723c751e8b465ee728b)
Start importing Assets/Sounds/SFX/PlayerSounds/NEWITEM2.wav using Guid(46051398709aecd43b6c58ba8849182c) Importer(815301076,1909f56bfc062723c751e8b465ee728b)  -> (artifact id: '5d2a575a13fa1bf4b0265e4562959e61') in 0.014046 seconds 
  Import took 0.018917 seconds .

========================================================================
Received Import Request.
  Time since last request: 0.000231 seconds.
  path: Assets/Sounds/SFX/PlayerSounds/menuswitch.wav
  artifactKey: Guid(c2fefc6edd3a3264aaea08fb746c2396) Importer(815301076,1909f56bfc062723c751e8b465ee728b)
Start importing Assets/Sounds/SFX/PlayerSounds/menuswitch.wav using Guid(c2fefc6edd3a3264aaea08fb746c2396) Importer(815301076,1909f56bfc062723c751e8b465ee728b)  -> (artifact id: '89fdd2864abbba03e73d4ca1137a767f') in 0.012355 seconds 
  Import took 0.017778 seconds .

========================================================================
Received Import Request.
  Time since last request: 0.000319 seconds.
  path: Assets/Sounds/SFX/PlayerSounds
  artifactKey: Guid(74991364ad1ad5b4284a273cf568ecfc) Importer(815301076,1909f56bfc062723c751e8b465ee728b)
Start importing Assets/Sounds/SFX/PlayerSounds using Guid(74991364ad1ad5b4284a273cf568ecfc) Importer(815301076,1909f56bfc062723c751e8b465ee728b)  -> (artifact id: 'aa30198dba012eb3c857398b25f147c0') in 0.005880 seconds 
  Import took 0.010346 seconds .

========================================================================
Received Import Request.
  Time since last request: 0.000311 seconds.
  path: Assets/Sounds/SFX/PlayerSounds/item equip.wav
  artifactKey: Guid(a2a59ee19b3255b4892ba4ea65ec783f) Importer(815301076,1909f56bfc062723c751e8b465ee728b)
Start importing Assets/Sounds/SFX/PlayerSounds/item equip.wav using Guid(a2a59ee19b3255b4892ba4ea65ec783f) Importer(815301076,1909f56bfc062723c751e8b465ee728b)  -> (artifact id: '968b5dd5da07575e536e0cb8b4965d5d') in 0.013327 seconds 
  Import took 0.017895 seconds .

========================================================================
Received Import Request.
  Time since last request: 0.000188 seconds.
  path: Assets/Sounds/SFX/PlayerSounds/player dies.wav
  artifactKey: Guid(d0c39ca72eddeec45891970496abf22c) Importer(815301076,1909f56bfc062723c751e8b465ee728b)
Start importing Assets/Sounds/SFX/PlayerSounds/player dies.wav using Guid(d0c39ca72eddeec45891970496abf22c) Importer(815301076,1909f56bfc062723c751e8b465ee728b)  -> (artifact id: 'e4e95f3527130faf718c00c9a7636675') in 0.011688 seconds 
  Import took 0.016188 seconds .

========================================================================
Received Import Request.
  Time since last request: 0.000228 seconds.
  path: Assets/Sounds/SFX/PlayerSounds/NEWITEM1.wav
  artifactKey: Guid(aac1ed0138d0ba74fa53ea126a7efe19) Importer(815301076,1909f56bfc062723c751e8b465ee728b)
Start importing Assets/Sounds/SFX/PlayerSounds/NEWITEM1.wav using Guid(aac1ed0138d0ba74fa53ea126a7efe19) Importer(815301076,1909f56bfc062723c751e8b465ee728b)  -> (artifact id: '25ed1cfba4303f5a5bebcaa976885052') in 0.013577 seconds 
  Import took 0.017965 seconds .

========================================================================
Received Import Request.
  Time since last request: 0.000212 seconds.
  path: Assets/Sounds/SFX/PlayerSounds/NEWITEM3.wav
  artifactKey: Guid(fe4508f021859594c92e6738e989e246) Importer(815301076,1909f56bfc062723c751e8b465ee728b)
Start importing Assets/Sounds/SFX/PlayerSounds/NEWITEM3.wav using Guid(fe4508f021859594c92e6738e989e246) Importer(815301076,1909f56bfc062723c751e8b465ee728b)  -> (artifact id: '88cb0a3e2de0be46848d04cd335c2c4d') in 0.012438 seconds 
  Import took 0.017175 seconds .

========================================================================
Received Import Request.
  Time since last request: 48.389155 seconds.
  path: Assets/Sounds/SFX/MonsterSounds
  artifactKey: Guid(abc6261f338184e44800858f4609dfe9) Importer(815301076,1909f56bfc062723c751e8b465ee728b)
Start importing Assets/Sounds/SFX/MonsterSounds using Guid(abc6261f338184e44800858f4609dfe9) Importer(815301076,1909f56bfc062723c751e8b465ee728b)  -> (artifact id: 'e40dcc5c35e0c28e1b4d2b64b188a890') in 0.005657 seconds 
  Import took 0.011021 seconds .

========================================================================
Received Import Request.
  Time since last request: 35.497629 seconds.
  path: Assets/Sounds/SFX/MonsterSounds/ZombieSounds
  artifactKey: Guid(a3ffb6e633b815844802c810477d7376) Importer(815301076,1909f56bfc062723c751e8b465ee728b)
Start importing Assets/Sounds/SFX/MonsterSounds/ZombieSounds using Guid(a3ffb6e633b815844802c810477d7376) Importer(815301076,1909f56bfc062723c751e8b465ee728b)  -> (artifact id: 'f6dd47ca2e0cf21dd0f7eff9729ea323') in 0.008854 seconds 
  Import took 0.015727 seconds .

========================================================================
Received Import Request.
  Time since last request: 0.147132 seconds.
  path: Assets/Sounds/SFX/MonsterSounds/ZombieSounds/zombie_sound_1.wav
  artifactKey: Guid(2ee6c5cbc5dd4c44399d8b62ecebadc8) Importer(815301076,1909f56bfc062723c751e8b465ee728b)
Start importing Assets/Sounds/SFX/MonsterSounds/ZombieSounds/zombie_sound_1.wav using Guid(2ee6c5cbc5dd4c44399d8b62ecebadc8) Importer(815301076,1909f56bfc062723c751e8b465ee728b)  -> (artifact id: '3c6f52d4721140a68f5a4572094e07cb') in 0.015733 seconds 
  Import took 0.022103 seconds .

========================================================================
Received Import Request.
  Time since last request: 0.000246 seconds.
  path: Assets/Sounds/SFX/MonsterSounds/ZombieSounds/zombie_sound_3.wav
  artifactKey: Guid(0781a7b867908e948b80604856abfd90) Importer(815301076,1909f56bfc062723c751e8b465ee728b)
Start importing Assets/Sounds/SFX/MonsterSounds/ZombieSounds/zombie_sound_3.wav using Guid(0781a7b867908e948b80604856abfd90) Importer(815301076,1909f56bfc062723c751e8b465ee728b)  -> (artifact id: 'bb54ad4bacabc1389c958082742b4821') in 0.015344 seconds 
  Import took 0.020552 seconds .

========================================================================
Received Import Request.
  Time since last request: 0.000299 seconds.
  path: Assets/Sounds/SFX/MonsterSounds/ZombieSounds/zombie_sound_2.wav
  artifactKey: Guid(a42f6c69970c24c49b3a9e2d8a5ad857) Importer(815301076,1909f56bfc062723c751e8b465ee728b)
Start importing Assets/Sounds/SFX/MonsterSounds/ZombieSounds/zombie_sound_2.wav using Guid(a42f6c69970c24c49b3a9e2d8a5ad857) Importer(815301076,1909f56bfc062723c751e8b465ee728b)  -> (artifact id: '1f4fafcbd1f0e212c59de3e5e8a022fd') in 0.014592 seconds 
  Import took 0.019453 seconds .

========================================================================
Received Import Request.
  Time since last request: 85.316903 seconds.
  path: Assets/Sounds/SFX/GhostSounds
  artifactKey: Guid(24cff4fb6e8a9844694eee84d5c80a57) Importer(815301076,1909f56bfc062723c751e8b465ee728b)
Start importing Assets/Sounds/SFX/GhostSounds using Guid(24cff4fb6e8a9844694eee84d5c80a57) Importer(815301076,1909f56bfc062723c751e8b465ee728b)  -> (artifact id: '1bc8a09200d6d937671e06dbd8756cb7') in 0.021407 seconds 
  Import took 0.036645 seconds .

========================================================================
Received Import Request.
  Time since last request: 0.072173 seconds.
  path: Assets/Sounds/SFX/GhostSounds/ghost_sound1.wav
  artifactKey: Guid(6f35a28cdca7d7f4b97d6b794b35e77a) Importer(815301076,1909f56bfc062723c751e8b465ee728b)
Start importing Assets/Sounds/SFX/GhostSounds/ghost_sound1.wav using Guid(6f35a28cdca7d7f4b97d6b794b35e77a) Importer(815301076,1909f56bfc062723c751e8b465ee728b)  -> (artifact id: '6ad530542fac9acbff5dd4bd2cff6599') in 0.024514 seconds 
  Import took 0.030914 seconds .

========================================================================
Received Import Request.
  Time since last request: 0.000238 seconds.
  path: Assets/Sounds/SFX/GhostSounds/ghost_sound2.wav
  artifactKey: Guid(b1b350ff0024f7e438eae0216bd873fb) Importer(815301076,1909f56bfc062723c751e8b465ee728b)
Start importing Assets/Sounds/SFX/GhostSounds/ghost_sound2.wav using Guid(b1b350ff0024f7e438eae0216bd873fb) Importer(815301076,1909f56bfc062723c751e8b465ee728b)  -> (artifact id: '3e0283df614dd99edbf2a98a6d220e5f') in 0.015966 seconds 
  Import took 0.022801 seconds .

========================================================================
Received Import Request.
  Time since last request: 53.389414 seconds.
  path: Assets/Sounds/SFX/MonsterSounds/BlobSounds
  artifactKey: Guid(f68af50b4fb241141a42f1a2fcc241e6) Importer(815301076,1909f56bfc062723c751e8b465ee728b)
Start importing Assets/Sounds/SFX/MonsterSounds/BlobSounds using Guid(f68af50b4fb241141a42f1a2fcc241e6) Importer(815301076,1909f56bfc062723c751e8b465ee728b)  -> (artifact id: '4d9cf588a71a98b698c5711e68473b9e') in 0.006200 seconds 
  Import took 0.011262 seconds .

========================================================================
Received Import Request.
  Time since last request: 0.154164 seconds.
  path: Assets/Sounds/SFX/MonsterSounds/BlobSounds/blob squish 1.wav
  artifactKey: Guid(5ccda92b5faa5a241b366db00844aad2) Importer(815301076,1909f56bfc062723c751e8b465ee728b)
Start importing Assets/Sounds/SFX/MonsterSounds/BlobSounds/blob squish 1.wav using Guid(5ccda92b5faa5a241b366db00844aad2) Importer(815301076,1909f56bfc062723c751e8b465ee728b)  -> (artifact id: '37df38c65d664ef5f0b32f377bb0f097') in 0.012535 seconds 
  Import took 0.017858 seconds .

========================================================================
Received Import Request.
  Time since last request: 0.000242 seconds.
  path: Assets/Sounds/SFX/MonsterSounds/BlobSounds/blob squish 2..wav
  artifactKey: Guid(11b7612b631de7f45ad360026bdccc5a) Importer(815301076,1909f56bfc062723c751e8b465ee728b)
Start importing Assets/Sounds/SFX/MonsterSounds/BlobSounds/blob squish 2..wav using Guid(11b7612b631de7f45ad360026bdccc5a) Importer(815301076,1909f56bfc062723c751e8b465ee728b)  -> (artifact id: 'c55b81e3bb748399efe2712a99b518f4') in 0.012040 seconds 
  Import took 0.017563 seconds .

========================================================================
Received Import Request.
  Time since last request: 0.000281 seconds.
  path: Assets/Sounds/SFX/MonsterSounds/BlobSounds/blob squish 3.wav
  artifactKey: Guid(0a67ecdee66d57449aabb2103e225777) Importer(815301076,1909f56bfc062723c751e8b465ee728b)
Start importing Assets/Sounds/SFX/MonsterSounds/BlobSounds/blob squish 3.wav using Guid(0a67ecdee66d57449aabb2103e225777) Importer(815301076,1909f56bfc062723c751e8b465ee728b)  -> (artifact id: '7df87368a6913be99d6a5f88bd3aece4') in 0.013365 seconds 
  Import took 0.018583 seconds .

========================================================================
Received Import Request.
  Time since last request: 56.555341 seconds.
  path: Assets/Sounds/SFX/LightFootsteps
  artifactKey: Guid(dfc6f03122325e948bb33b4a25562892) Importer(815301076,1909f56bfc062723c751e8b465ee728b)
Start importing Assets/Sounds/SFX/LightFootsteps using Guid(dfc6f03122325e948bb33b4a25562892) Importer(815301076,1909f56bfc062723c751e8b465ee728b)  -> (artifact id: 'ac1216fb17e731a70ea9b22b87d08060') in 0.007939 seconds 
  Import took 0.016606 seconds .

========================================================================
Received Import Request.
  Time since last request: 0.144783 seconds.
  path: Assets/Sounds/SFX/LightFootsteps/lightfootstep1.wav
  artifactKey: Guid(b4f9570d5f76631499ad8f350efe99a7) Importer(815301076,1909f56bfc062723c751e8b465ee728b)
Start importing Assets/Sounds/SFX/LightFootsteps/lightfootstep1.wav using Guid(b4f9570d5f76631499ad8f350efe99a7) Importer(815301076,1909f56bfc062723c751e8b465ee728b)  -> (artifact id: '3224adeda8cce339f90e9cce141610b2') in 0.012272 seconds 
  Import took 0.017747 seconds .

========================================================================
Received Import Request.
  Time since last request: 0.000275 seconds.
  path: Assets/Sounds/SFX/LightFootsteps/lightfootstep3.wav
  artifactKey: Guid(af871aa4c359c624abe27e03c504fa20) Importer(815301076,1909f56bfc062723c751e8b465ee728b)
Start importing Assets/Sounds/SFX/LightFootsteps/lightfootstep3.wav using Guid(af871aa4c359c624abe27e03c504fa20) Importer(815301076,1909f56bfc062723c751e8b465ee728b)  -> (artifact id: 'd82d72bb7979e4010429c253322f76dc') in 0.013142 seconds 
  Import took 0.019109 seconds .

========================================================================
Received Import Request.
  Time since last request: 0.000291 seconds.
  path: Assets/Sounds/SFX/LightFootsteps/lightfootstep2.wav
  artifactKey: Guid(b0c3e1cf66f3c9f439b98294ed23b0d4) Importer(815301076,1909f56bfc062723c751e8b465ee728b)
Start importing Assets/Sounds/SFX/LightFootsteps/lightfootstep2.wav using Guid(b0c3e1cf66f3c9f439b98294ed23b0d4) Importer(815301076,1909f56bfc062723c751e8b465ee728b)  -> (artifact id: 'b3cdb011ebb80730ebbdd7faed2156f0') in 0.012882 seconds 
  Import took 0.018324 seconds .

========================================================================
Received Import Request.
  Time since last request: 1.687296 seconds.
  path: Assets/Sounds/SFX/HeavyFootsteps
  artifactKey: Guid(30b680c400adf5140b7ca268c3c5fc19) Importer(815301076,1909f56bfc062723c751e8b465ee728b)
Start importing Assets/Sounds/SFX/HeavyFootsteps using Guid(30b680c400adf5140b7ca268c3c5fc19) Importer(815301076,1909f56bfc062723c751e8b465ee728b)  -> (artifact id: '37eb8254885f0c6b4feffe77aca607c3') in 0.005769 seconds 
  Import took 0.010860 seconds .

========================================================================
Received Import Request.
  Time since last request: 0.154633 seconds.
  path: Assets/Sounds/SFX/HeavyFootsteps/heavyfootstep1.wav
  artifactKey: Guid(ba4779a27705ac44faa285e6956fd5fd) Importer(815301076,1909f56bfc062723c751e8b465ee728b)
Start importing Assets/Sounds/SFX/HeavyFootsteps/heavyfootstep1.wav using Guid(ba4779a27705ac44faa285e6956fd5fd) Importer(815301076,1909f56bfc062723c751e8b465ee728b)  -> (artifact id: '42cbcaf8b83456a89b8b767179a03d10') in 0.012630 seconds 
  Import took 0.018042 seconds .

========================================================================
Received Import Request.
  Time since last request: 0.000233 seconds.
  path: Assets/Sounds/SFX/HeavyFootsteps/heavyfootstep4.wav
  artifactKey: Guid(97df22c878c6f684492f04f34bd80145) Importer(815301076,1909f56bfc062723c751e8b465ee728b)
Start importing Assets/Sounds/SFX/HeavyFootsteps/heavyfootstep4.wav using Guid(97df22c878c6f684492f04f34bd80145) Importer(815301076,1909f56bfc062723c751e8b465ee728b)  -> (artifact id: '2c5405c0fba41b8f25c6c3532b080052') in 0.013435 seconds 
  Import took 0.019377 seconds .

========================================================================
Received Import Request.
  Time since last request: 0.000240 seconds.
  path: Assets/Sounds/SFX/HeavyFootsteps/heavyfootstep3.wav
  artifactKey: Guid(6bd22224b89fcbe469dcc83b4e34cf6b) Importer(815301076,1909f56bfc062723c751e8b465ee728b)
Start importing Assets/Sounds/SFX/HeavyFootsteps/heavyfootstep3.wav using Guid(6bd22224b89fcbe469dcc83b4e34cf6b) Importer(815301076,1909f56bfc062723c751e8b465ee728b)  -> (artifact id: '9f360eee733b30f65f48705f15a64cd8') in 0.012884 seconds 
  Import took 0.017726 seconds .

========================================================================
Received Import Request.
  Time since last request: 0.000238 seconds.
  path: Assets/Sounds/SFX/HeavyFootsteps/heavyfootstep5.wav
  artifactKey: Guid(65a7380c2951a844288f5300da688d6c) Importer(815301076,1909f56bfc062723c751e8b465ee728b)
Start importing Assets/Sounds/SFX/HeavyFootsteps/heavyfootstep5.wav using Guid(65a7380c2951a844288f5300da688d6c) Importer(815301076,1909f56bfc062723c751e8b465ee728b)  -> (artifact id: '9ba3fb35d8a6cdf2973046589038f92f') in 0.012882 seconds 
  Import took 0.017306 seconds .

========================================================================
Received Import Request.
  Time since last request: 0.000296 seconds.
  path: Assets/Sounds/SFX/HeavyFootsteps/heavyfootstep2.wav
  artifactKey: Guid(e7694a9b99bd9864ca70e57f3009f912) Importer(815301076,1909f56bfc062723c751e8b465ee728b)
Start importing Assets/Sounds/SFX/HeavyFootsteps/heavyfootstep2.wav using Guid(e7694a9b99bd9864ca70e57f3009f912) Importer(815301076,1909f56bfc062723c751e8b465ee728b)  -> (artifact id: '037522e3a4262f57534946ef982706d9') in 0.013337 seconds 
  Import took 0.017531 seconds .

========================================================================
Received Import Request.
  Time since last request: 9.696920 seconds.
  path: Assets/Sounds/SFX/Footsteps
  artifactKey: Guid(b6139ece5b9e76746ab93b69adff1e7f) Importer(815301076,1909f56bfc062723c751e8b465ee728b)
Start importing Assets/Sounds/SFX/Footsteps using Guid(b6139ece5b9e76746ab93b69adff1e7f) Importer(815301076,1909f56bfc062723c751e8b465ee728b)  -> (artifact id: '7d28c81c99183349b1955f359bedcd13') in 0.006205 seconds 
  Import took 0.016175 seconds .

========================================================================
Received Import Request.
  Time since last request: 5.487990 seconds.
  path: Assets/Sounds/SFX/WalkingOnLeaves
  artifactKey: Guid(cdbf47fd081bbee44835a7504e3d0c11) Importer(815301076,1909f56bfc062723c751e8b465ee728b)
Start importing Assets/Sounds/SFX/WalkingOnLeaves using Guid(cdbf47fd081bbee44835a7504e3d0c11) Importer(815301076,1909f56bfc062723c751e8b465ee728b)  -> (artifact id: '71f3c5e4ba8211bd1a37c5c34c98083d') in 0.005772 seconds 
  Import took 0.010857 seconds .

========================================================================
Received Import Request.
  Time since last request: 43.557212 seconds.
  path: Assets/Sounds/SFX/Footsteps/WalkingOnLeaves/walking_on_leaves.wav
  artifactKey: Guid(b61e43362891d954e817a4dcee56ef1c) Importer(815301076,1909f56bfc062723c751e8b465ee728b)
Start importing Assets/Sounds/SFX/Footsteps/WalkingOnLeaves/walking_on_leaves.wav using Guid(b61e43362891d954e817a4dcee56ef1c) Importer(815301076,1909f56bfc062723c751e8b465ee728b)  -> (artifact id: '7b81510285def8b028e0990cf2e8c14f') in 0.013516 seconds 
  Import took 0.018310 seconds .

========================================================================
Received Import Request.
  Time since last request: 0.000318 seconds.
  path: Assets/Sounds/SFX/Footsteps/WalkingOnLeaves/walking_on_leaves_3.wav
  artifactKey: Guid(676368480634cdd46a75393bacf4bf01) Importer(815301076,1909f56bfc062723c751e8b465ee728b)
Start importing Assets/Sounds/SFX/Footsteps/WalkingOnLeaves/walking_on_leaves_3.wav using Guid(676368480634cdd46a75393bacf4bf01) Importer(815301076,1909f56bfc062723c751e8b465ee728b)  -> (artifact id: '57034a907ee697ca20af31e709c93068') in 0.016247 seconds 
  Import took 0.020507 seconds .

========================================================================
Received Import Request.
  Time since last request: 0.000249 seconds.
  path: Assets/Sounds/SFX/Footsteps/WalkingOnLeaves/walking_on_leaves_2.wav
  artifactKey: Guid(b8f7027b7f81b4d4084bbd79892d1dbe) Importer(815301076,1909f56bfc062723c751e8b465ee728b)
Start importing Assets/Sounds/SFX/Footsteps/WalkingOnLeaves/walking_on_leaves_2.wav using Guid(b8f7027b7f81b4d4084bbd79892d1dbe) Importer(815301076,1909f56bfc062723c751e8b465ee728b)  -> (artifact id: '572bfe8c7f4ee739cd23651946af65d7') in 0.022736 seconds 
  Import took 0.028637 seconds .

========================================================================
Received Import Request.
  Time since last request: 263.609477 seconds.
  path: Assets/Sounds/Music/Ambience
  artifactKey: Guid(1157ac6857df4d54e9377d7afdf9a683) Importer(815301076,1909f56bfc062723c751e8b465ee728b)
Start importing Assets/Sounds/Music/Ambience using Guid(1157ac6857df4d54e9377d7afdf9a683) Importer(815301076,1909f56bfc062723c751e8b465ee728b)  -> (artifact id: 'd1c29b3d8724f9e20426dfbbb4ee3711') in 0.008582 seconds 
  Import took 0.015815 seconds .

========================================================================
Received Import Request.
  Time since last request: 20.232707 seconds.
  path: Assets/Sounds/Music/MainMenu
  artifactKey: Guid(ecde5685b7b26194a8a2b818d13b93d0) Importer(815301076,1909f56bfc062723c751e8b465ee728b)
Start importing Assets/Sounds/Music/MainMenu using Guid(ecde5685b7b26194a8a2b818d13b93d0) Importer(815301076,1909f56bfc062723c751e8b465ee728b)  -> (artifact id: '5dd663676cfc4915253f82242aff36a5') in 0.008416 seconds 
  Import took 0.014536 seconds .

========================================================================
Received Import Request.
  Time since last request: 15.517718 seconds.
  path: Assets/Sounds/Music/BossFight
  artifactKey: Guid(0d97221e1b39b584a8b3afb1a0c82077) Importer(815301076,1909f56bfc062723c751e8b465ee728b)
Start importing Assets/Sounds/Music/BossFight using Guid(0d97221e1b39b584a8b3afb1a0c82077) Importer(815301076,1909f56bfc062723c751e8b465ee728b)  -> (artifact id: '24d256f430c948849419d51f20f3469b') in 0.008486 seconds 
  Import took 0.014915 seconds .

========================================================================
Received Import Request.
  Time since last request: 27.771982 seconds.
  path: Assets/Sounds/Music/BossFight/BOSS FIGHT - FULL.wav
  artifactKey: Guid(25d78719cd9fecd479e8692cc8a672d6) Importer(815301076,1909f56bfc062723c751e8b465ee728b)
Start importing Assets/Sounds/Music/BossFight/BOSS FIGHT - FULL.wav using Guid(25d78719cd9fecd479e8692cc8a672d6) Importer(815301076,1909f56bfc062723c751e8b465ee728b)  -> (artifact id: 'e222436cbedef4b1b7ac1c8d47489992') in 0.019627 seconds 
  Import took 0.025604 seconds .

========================================================================
Received Import Request.
  Time since last request: 3.940526 seconds.
  path: Assets/Sounds/Music/BossFight/BOSS FIGHT - loop1.wav
  artifactKey: Guid(9efa5ab8f5b9499458e44955f5578968) Importer(815301076,1909f56bfc062723c751e8b465ee728b)
Start importing Assets/Sounds/Music/BossFight/BOSS FIGHT - loop1.wav using Guid(9efa5ab8f5b9499458e44955f5578968) Importer(815301076,1909f56bfc062723c751e8b465ee728b)  -> (artifact id: 'bdc9283089c8005de8f0fda2940d408e') in 0.017114 seconds 
  Import took 0.023466 seconds .

========================================================================
Received Import Request.
  Time since last request: 2.364018 seconds.
  path: Assets/Sounds/Music/BossFight/BOSS FIGHT - loop2.wav
  artifactKey: Guid(ac4d95b1ad6cdff4b84729737d9cac59) Importer(815301076,1909f56bfc062723c751e8b465ee728b)
Start importing Assets/Sounds/Music/BossFight/BOSS FIGHT - loop2.wav using Guid(ac4d95b1ad6cdff4b84729737d9cac59) Importer(815301076,1909f56bfc062723c751e8b465ee728b)  -> (artifact id: 'd51167d5a99bb33ba9258c2b4a317314') in 0.017150 seconds 
  Import took 0.024225 seconds .

AssetImportWorkerClient::OnTransportError - code=2 error=End of file
